0 info it worked if it ends with ok
1 verbose cli [ '/opt/local/bin/node', '/opt/local/bin/npm', 'install' ]
2 info using npm@2.14.8
3 info using node@v4.2.2
4 verbose readDependencies loading dependencies from /Users/pg/code/solidity-comp/package.json
5 error install Couldn't read dependencies
6 verbose stack Error: Failed to parse json
6 verbose stack Unexpected token '/' at 17:5
6 verbose stack     //""postinstall" : "mv node_modules/browser-solidity node_modules/solc",
6 verbose stack     ^
6 verbose stack     at parseError (/opt/local/lib/node_modules/npm/node_modules/read-package-json/read-json.js:379:11)
6 verbose stack     at parseJson (/opt/local/lib/node_modules/npm/node_modules/read-package-json/read-json.js:68:23)
6 verbose stack     at /opt/local/lib/node_modules/npm/node_modules/read-package-json/read-json.js:48:5
6 verbose stack     at /opt/local/lib/node_modules/npm/node_modules/graceful-fs/graceful-fs.js:76:16
6 verbose stack     at FSReqWrap.readFileAfterClose [as oncomplete] (fs.js:380:3)
7 verbose cwd /Users/pg/code/solidity-comp
8 error Darwin 13.4.0
9 error argv "/opt/local/bin/node" "/opt/local/bin/npm" "install"
10 error node v4.2.2
11 error npm  v2.14.8
12 error file /Users/pg/code/solidity-comp/package.json
13 error code EJSONPARSE
14 error Failed to parse json
14 error Unexpected token '/' at 17:5
14 error     //""postinstall" : "mv node_modules/browser-solidity node_modules/solc",
14 error     ^
15 error File: /Users/pg/code/solidity-comp/package.json
16 error Failed to parse package.json data.
16 error package.json must be actual JSON, not just JavaScript.
16 error
16 error This is not a bug in npm.
16 error Tell the package author to fix their package.json file. JSON.parse
17 verbose exit [ 1, true ]
